 22:04:34 up 4 days, 11:36,  9 users,  load average: 0.55, 0.49, 0.36
 22:04:34 up 4 days, 11:36,  9 users,  load average: 0.55, 0.49, 0.36
 22:04:34 up 4 days, 11:36,  9 users,  load average: 0.55, 0.49, 0.36
 22:04:35 up 4 days, 11:36,  9 users,  load average: 0.55, 0.49, 0.36
 22:04:35 up 4 days, 11:36,  9 users,  load average: 0.55, 0.49, 0.36
 22:04:35 up 4 days, 11:36,  9 users,  load average: 0.55, 0.49, 0.36
 22:04:35 up 4 days, 11:36,  9 users,  load average: 0.55, 0.49, 0.36
 22:04:35 up 4 days, 11:36,  9 users,  load average: 0.55, 0.49, 0.36
 22:04:35 up 4 days, 11:36,  9 users,  load average: 0.55, 0.49, 0.36
 22:04:35 up 4 days, 11:36,  9 users,  load average: 0.55, 0.49, 0.36
 22:04:35 up 4 days, 11:36,  9 users,  load average: 0.55, 0.49, 0.36
 22:04:35 up 4 days, 11:36,  9 users,  load average: 0.55, 0.49, 0.36
 22:04:35 up 4 days, 11:36,  9 users,  load average: 0.55, 0.49, 0.36
 22:04:36 up 4 days, 11:36,  9 users,  load average: 0.55, 0.49, 0.36
 22:04:36 up 4 days, 11:36,  9 users,  load average: 0.55, 0.49, 0.36
 22:04:36 up 4 days, 11:36,  9 users,  load average: 0.55, 0.49, 0.36
 22:04:36 up 4 days, 11:36,  9 users,  load average: 0.55, 0.49, 0.36
 22:04:36 up 4 days, 11:36,  9 users,  load average: 0.55, 0.49, 0.36
 22:04:36 up 4 days, 11:36,  9 users,  load average: 0.55, 0.49, 0.36
 22:04:36 up 4 days, 11:36,  9 users,  load average: 0.55, 0.49, 0.36
 22:04:36 up 4 days, 11:36,  9 users,  load average: 0.55, 0.49, 0.36
 22:04:36 up 4 days, 11:36,  9 users,  load average: 0.55, 0.49, 0.36
 22:04:37 up 4 days, 11:36,  9 users,  load average: 0.55, 0.49, 0.36
 22:04:37 up 4 days, 11:36,  9 users,  load average: 0.55, 0.49, 0.36
 22:04:37 up 4 days, 11:36,  9 users,  load average: 0.55, 0.49, 0.36
 22:04:37 up 4 days, 11:36,  9 users,  load average: 0.55, 0.49, 0.36
 22:04:37 up 4 days, 11:36,  9 users,  load average: 0.55, 0.49, 0.36
 22:04:37 up 4 days, 11:36,  9 users,  load average: 0.55, 0.49, 0.36
 22:04:37 up 4 days, 11:36,  9 users,  load average: 0.55, 0.49, 0.36
 22:04:37 up 4 days, 11:36,  9 users,  load average: 0.55, 0.49, 0.36
 22:04:37 up 4 days, 11:36,  9 users,  load average: 0.55, 0.49, 0.36
 22:04:37 up 4 days, 11:36,  9 users,  load average: 0.55, 0.49, 0.36
 22:04:38 up 4 days, 11:36,  9 users,  load average: 0.55, 0.49, 0.36
 22:04:38 up 4 days, 11:36,  9 users,  load average: 0.55, 0.49, 0.36
 22:04:38 up 4 days, 11:36,  9 users,  load average: 0.55, 0.49, 0.36
 22:04:38 up 4 days, 11:36,  9 users,  load average: 0.55, 0.49, 0.36
 22:04:38 up 4 days, 11:36,  9 users,  load average: 0.55, 0.49, 0.36
 22:04:38 up 4 days, 11:36,  9 users,  load average: 0.55, 0.49, 0.36
 22:04:38 up 4 days, 11:36,  9 users,  load average: 0.55, 0.49, 0.36
 22:04:38 up 4 days, 11:36,  9 users,  load average: 0.55, 0.49, 0.36
 22:04:38 up 4 days, 11:36,  9 users,  load average: 0.55, 0.49, 0.36
 22:04:38 up 4 days, 11:36,  9 users,  load average: 0.55, 0.49, 0.36
 22:04:39 up 4 days, 11:36,  9 users,  load average: 0.55, 0.49, 0.36
 22:04:39 up 4 days, 11:36,  9 users,  load average: 0.55, 0.49, 0.36
 22:04:39 up 4 days, 11:36,  9 users,  load average: 0.55, 0.49, 0.36
 22:04:39 up 4 days, 11:36,  9 users,  load average: 0.55, 0.49, 0.36
 22:04:39 up 4 days, 11:36,  9 users,  load average: 0.55, 0.49, 0.36
 22:04:39 up 4 days, 11:36,  9 users,  load average: 0.51, 0.48, 0.36
0.5
1.12
Linux 4.4.0-138-generic (lab1-11) 	11/05/2018 	_x86_64_	(8 CPU)

10:12:47 PM  CPU    %usr   %nice    %sys %iowait    %irq   %soft  %steal  %guest  %gnice   %idle
10:12:48 PM  all    0.00    0.25    0.25    0.12    0.00    0.00    0.00    0.00    0.00   99.38
10:12:49 PM  all    0.00    0.12    0.25    0.00    0.00    0.00    0.00    0.00    0.00   99.63
10:12:50 PM  all    0.00    0.12    0.12    0.00    0.00    0.00    0.00    0.00    0.00   99.75
10:12:51 PM  all    0.00    0.13    0.00    0.13    0.00    0.00    0.00    0.00    0.00   99.75
10:12:52 PM  all    0.12    0.25    0.00    0.00    0.00    0.00    0.00    0.00    0.00   99.63

Average:     all    0.02    0.17    0.12    0.05    0.00    0.00    0.00    0.00    0.00   99.63
